0 info it worked if it ends with ok
1 verbose cli [ '/usr/bin/nodejs', '/usr/bin/npm', 'install' ]
2 info using npm@1.3.10
3 info using node@v0.10.25
4 warn package.json frontend@1.0.0 No description
5 warn package.json frontend@1.0.0 No repository field.
6 warn package.json frontend@1.0.0 No README data
7 verbose readDependencies using package.json deps
8 verbose install where, deps [ '/home/dicksiano/ita/ita/7ºsemestre/ces29/projeto/athena-judge/frontend',
8 verbose install   [ '@material-ui/icons',
8 verbose install     'axios',
8 verbose install     'material-ui',
8 verbose install     'react',
8 verbose install     'react-dom',
8 verbose install     'babel-core',
8 verbose install     'babel-loader',
8 verbose install     'babel-preset-env',
8 verbose install     'babel-preset-react',
8 verbose install     'babel-preset-stage-2',
8 verbose install     'webpack',
8 verbose install     'webpack-cli',
8 verbose install     'webpack-dev-server' ] ]
9 info preinstall frontend@1.0.0
10 verbose readDependencies using package.json deps
11 verbose cache add [ 'material-ui@^1.0.0-beta.44', null ]
12 verbose cache add name=undefined spec="material-ui@^1.0.0-beta.44" args=["material-ui@^1.0.0-beta.44",null]
13 verbose parsed url { protocol: null,
13 verbose parsed url   slashes: null,
13 verbose parsed url   auth: null,
13 verbose parsed url   host: null,
13 verbose parsed url   port: null,
13 verbose parsed url   hostname: null,
13 verbose parsed url   hash: null,
13 verbose parsed url   search: null,
13 verbose parsed url   query: null,
13 verbose parsed url   pathname: 'material-ui@^1.0.0-beta.44',
13 verbose parsed url   path: 'material-ui@^1.0.0-beta.44',
13 verbose parsed url   href: 'material-ui@^1.0.0-beta.44' }
14 verbose cache add name="material-ui" spec="^1.0.0-beta.44" args=["material-ui","^1.0.0-beta.44"]
15 verbose parsed url { protocol: null,
15 verbose parsed url   slashes: null,
15 verbose parsed url   auth: null,
15 verbose parsed url   host: null,
15 verbose parsed url   port: null,
15 verbose parsed url   hostname: null,
15 verbose parsed url   hash: null,
15 verbose parsed url   search: null,
15 verbose parsed url   query: null,
15 verbose parsed url   pathname: '^1.0.0-beta.44',
15 verbose parsed url   path: '^1.0.0-beta.44',
15 verbose parsed url   href: '^1.0.0-beta.44' }
16 verbose addNamed [ 'material-ui', '^1.0.0-beta.44' ]
17 verbose addNamed [ null, '>=1.0.0-beta.44 <2.0.0-0' ]
18 silly lockFile 18c08ef0-material-ui-1-0-0-beta-44 material-ui@^1.0.0-beta.44
19 verbose lock material-ui@^1.0.0-beta.44 /home/dicksiano/.npm/18c08ef0-material-ui-1-0-0-beta-44.lock
20 verbose cache add [ 'react@^16.3.2', null ]
21 verbose cache add name=undefined spec="react@^16.3.2" args=["react@^16.3.2",null]
22 verbose parsed url { protocol: null,
22 verbose parsed url   slashes: null,
22 verbose parsed url   auth: null,
22 verbose parsed url   host: null,
22 verbose parsed url   port: null,
22 verbose parsed url   hostname: null,
22 verbose parsed url   hash: null,
22 verbose parsed url   search: null,
22 verbose parsed url   query: null,
22 verbose parsed url   pathname: 'react@^16.3.2',
22 verbose parsed url   path: 'react@^16.3.2',
22 verbose parsed url   href: 'react@^16.3.2' }
23 verbose cache add name="react" spec="^16.3.2" args=["react","^16.3.2"]
24 verbose parsed url { protocol: null,
24 verbose parsed url   slashes: null,
24 verbose parsed url   auth: null,
24 verbose parsed url   host: null,
24 verbose parsed url   port: null,
24 verbose parsed url   hostname: null,
24 verbose parsed url   hash: null,
24 verbose parsed url   search: null,
24 verbose parsed url   query: null,
24 verbose parsed url   pathname: '^16.3.2',
24 verbose parsed url   path: '^16.3.2',
24 verbose parsed url   href: '^16.3.2' }
25 verbose addNamed [ 'react', '^16.3.2' ]
26 verbose addNamed [ null, '>=16.3.2-0 <17.0.0-0' ]
27 silly lockFile a7b6be60-react-16-3-2 react@^16.3.2
28 verbose lock react@^16.3.2 /home/dicksiano/.npm/a7b6be60-react-16-3-2.lock
29 verbose cache add [ 'react-dom@^16.3.2', null ]
30 verbose cache add name=undefined spec="react-dom@^16.3.2" args=["react-dom@^16.3.2",null]
31 verbose parsed url { protocol: null,
31 verbose parsed url   slashes: null,
31 verbose parsed url   auth: null,
31 verbose parsed url   host: null,
31 verbose parsed url   port: null,
31 verbose parsed url   hostname: null,
31 verbose parsed url   hash: null,
31 verbose parsed url   search: null,
31 verbose parsed url   query: null,
31 verbose parsed url   pathname: 'react-dom@^16.3.2',
31 verbose parsed url   path: 'react-dom@^16.3.2',
31 verbose parsed url   href: 'react-dom@^16.3.2' }
32 verbose cache add name="react-dom" spec="^16.3.2" args=["react-dom","^16.3.2"]
33 verbose parsed url { protocol: null,
33 verbose parsed url   slashes: null,
33 verbose parsed url   auth: null,
33 verbose parsed url   host: null,
33 verbose parsed url   port: null,
33 verbose parsed url   hostname: null,
33 verbose parsed url   hash: null,
33 verbose parsed url   search: null,
33 verbose parsed url   query: null,
33 verbose parsed url   pathname: '^16.3.2',
33 verbose parsed url   path: '^16.3.2',
33 verbose parsed url   href: '^16.3.2' }
34 verbose addNamed [ 'react-dom', '^16.3.2' ]
35 verbose addNamed [ null, '>=16.3.2-0 <17.0.0-0' ]
36 silly lockFile be8e9bbf-react-dom-16-3-2 react-dom@^16.3.2
37 verbose lock react-dom@^16.3.2 /home/dicksiano/.npm/be8e9bbf-react-dom-16-3-2.lock
38 verbose cache add [ 'babel-core@^6.26.3', null ]
39 verbose cache add name=undefined spec="babel-core@^6.26.3" args=["babel-core@^6.26.3",null]
40 verbose parsed url { protocol: null,
40 verbose parsed url   slashes: null,
40 verbose parsed url   auth: null,
40 verbose parsed url   host: null,
40 verbose parsed url   port: null,
40 verbose parsed url   hostname: null,
40 verbose parsed url   hash: null,
40 verbose parsed url   search: null,
40 verbose parsed url   query: null,
40 verbose parsed url   pathname: 'babel-core@^6.26.3',
40 verbose parsed url   path: 'babel-core@^6.26.3',
40 verbose parsed url   href: 'babel-core@^6.26.3' }
41 verbose cache add name="babel-core" spec="^6.26.3" args=["babel-core","^6.26.3"]
42 verbose parsed url { protocol: null,
42 verbose parsed url   slashes: null,
42 verbose parsed url   auth: null,
42 verbose parsed url   host: null,
42 verbose parsed url   port: null,
42 verbose parsed url   hostname: null,
42 verbose parsed url   hash: null,
42 verbose parsed url   search: null,
42 verbose parsed url   query: null,
42 verbose parsed url   pathname: '^6.26.3',
42 verbose parsed url   path: '^6.26.3',
42 verbose parsed url   href: '^6.26.3' }
43 verbose addNamed [ 'babel-core', '^6.26.3' ]
44 verbose addNamed [ null, '>=6.26.3-0 <7.0.0-0' ]
45 silly lockFile cafe9ef0-babel-core-6-26-3 babel-core@^6.26.3
46 verbose lock babel-core@^6.26.3 /home/dicksiano/.npm/cafe9ef0-babel-core-6-26-3.lock
47 verbose cache add [ 'babel-loader@^7.1.4', null ]
48 verbose cache add name=undefined spec="babel-loader@^7.1.4" args=["babel-loader@^7.1.4",null]
49 verbose parsed url { protocol: null,
49 verbose parsed url   slashes: null,
49 verbose parsed url   auth: null,
49 verbose parsed url   host: null,
49 verbose parsed url   port: null,
49 verbose parsed url   hostname: null,
49 verbose parsed url   hash: null,
49 verbose parsed url   search: null,
49 verbose parsed url   query: null,
49 verbose parsed url   pathname: 'babel-loader@^7.1.4',
49 verbose parsed url   path: 'babel-loader@^7.1.4',
49 verbose parsed url   href: 'babel-loader@^7.1.4' }
50 verbose cache add name="babel-loader" spec="^7.1.4" args=["babel-loader","^7.1.4"]
51 verbose parsed url { protocol: null,
51 verbose parsed url   slashes: null,
51 verbose parsed url   auth: null,
51 verbose parsed url   host: null,
51 verbose parsed url   port: null,
51 verbose parsed url   hostname: null,
51 verbose parsed url   hash: null,
51 verbose parsed url   search: null,
51 verbose parsed url   query: null,
51 verbose parsed url   pathname: '^7.1.4',
51 verbose parsed url   path: '^7.1.4',
51 verbose parsed url   href: '^7.1.4' }
52 verbose addNamed [ 'babel-loader', '^7.1.4' ]
53 verbose addNamed [ null, '>=7.1.4-0 <8.0.0-0' ]
54 silly lockFile d4566d1a-babel-loader-7-1-4 babel-loader@^7.1.4
55 verbose lock babel-loader@^7.1.4 /home/dicksiano/.npm/d4566d1a-babel-loader-7-1-4.lock
56 verbose cache add [ 'babel-preset-env@^1.6.1', null ]
57 verbose cache add name=undefined spec="babel-preset-env@^1.6.1" args=["babel-preset-env@^1.6.1",null]
58 verbose parsed url { protocol: null,
58 verbose parsed url   slashes: null,
58 verbose parsed url   auth: null,
58 verbose parsed url   host: null,
58 verbose parsed url   port: null,
58 verbose parsed url   hostname: null,
58 verbose parsed url   hash: null,
58 verbose parsed url   search: null,
58 verbose parsed url   query: null,
58 verbose parsed url   pathname: 'babel-preset-env@^1.6.1',
58 verbose parsed url   path: 'babel-preset-env@^1.6.1',
58 verbose parsed url   href: 'babel-preset-env@^1.6.1' }
59 verbose cache add name="babel-preset-env" spec="^1.6.1" args=["babel-preset-env","^1.6.1"]
60 verbose parsed url { protocol: null,
60 verbose parsed url   slashes: null,
60 verbose parsed url   auth: null,
60 verbose parsed url   host: null,
60 verbose parsed url   port: null,
60 verbose parsed url   hostname: null,
60 verbose parsed url   hash: null,
60 verbose parsed url   search: null,
60 verbose parsed url   query: null,
60 verbose parsed url   pathname: '^1.6.1',
60 verbose parsed url   path: '^1.6.1',
60 verbose parsed url   href: '^1.6.1' }
61 verbose addNamed [ 'babel-preset-env', '^1.6.1' ]
62 verbose addNamed [ null, '>=1.6.1-0 <2.0.0-0' ]
63 silly lockFile 00c8ef37-babel-preset-env-1-6-1 babel-preset-env@^1.6.1
64 verbose lock babel-preset-env@^1.6.1 /home/dicksiano/.npm/00c8ef37-babel-preset-env-1-6-1.lock
65 silly addNameRange { name: 'material-ui',
65 silly addNameRange   range: '>=1.0.0-beta.44 <2.0.0-0',
65 silly addNameRange   hasData: false }
66 silly addNameRange { name: 'react', range: '>=16.3.2-0 <17.0.0-0', hasData: false }
67 verbose cache add [ 'babel-preset-react@^6.24.1', null ]
68 verbose cache add name=undefined spec="babel-preset-react@^6.24.1" args=["babel-preset-react@^6.24.1",null]
69 verbose parsed url { protocol: null,
69 verbose parsed url   slashes: null,
69 verbose parsed url   auth: null,
69 verbose parsed url   host: null,
69 verbose parsed url   port: null,
69 verbose parsed url   hostname: null,
69 verbose parsed url   hash: null,
69 verbose parsed url   search: null,
69 verbose parsed url   query: null,
69 verbose parsed url   pathname: 'babel-preset-react@^6.24.1',
69 verbose parsed url   path: 'babel-preset-react@^6.24.1',
69 verbose parsed url   href: 'babel-preset-react@^6.24.1' }
70 verbose cache add name="babel-preset-react" spec="^6.24.1" args=["babel-preset-react","^6.24.1"]
71 verbose parsed url { protocol: null,
71 verbose parsed url   slashes: null,
71 verbose parsed url   auth: null,
71 verbose parsed url   host: null,
71 verbose parsed url   port: null,
71 verbose parsed url   hostname: null,
71 verbose parsed url   hash: null,
71 verbose parsed url   search: null,
71 verbose parsed url   query: null,
71 verbose parsed url   pathname: '^6.24.1',
71 verbose parsed url   path: '^6.24.1',
71 verbose parsed url   href: '^6.24.1' }
72 verbose addNamed [ 'babel-preset-react', '^6.24.1' ]
73 verbose addNamed [ null, '>=6.24.1-0 <7.0.0-0' ]
74 silly lockFile 6ab75844-babel-preset-react-6-24-1 babel-preset-react@^6.24.1
75 verbose lock babel-preset-react@^6.24.1 /home/dicksiano/.npm/6ab75844-babel-preset-react-6-24-1.lock
76 verbose cache add [ 'babel-preset-stage-2@^6.24.1', null ]
77 verbose cache add name=undefined spec="babel-preset-stage-2@^6.24.1" args=["babel-preset-stage-2@^6.24.1",null]
78 verbose parsed url { protocol: null,
78 verbose parsed url   slashes: null,
78 verbose parsed url   auth: null,
78 verbose parsed url   host: null,
78 verbose parsed url   port: null,
78 verbose parsed url   hostname: null,
78 verbose parsed url   hash: null,
78 verbose parsed url   search: null,
78 verbose parsed url   query: null,
78 verbose parsed url   pathname: 'babel-preset-stage-2@^6.24.1',
78 verbose parsed url   path: 'babel-preset-stage-2@^6.24.1',
78 verbose parsed url   href: 'babel-preset-stage-2@^6.24.1' }
79 verbose cache add name="babel-preset-stage-2" spec="^6.24.1" args=["babel-preset-stage-2","^6.24.1"]
80 verbose parsed url { protocol: null,
80 verbose parsed url   slashes: null,
80 verbose parsed url   auth: null,
80 verbose parsed url   host: null,
80 verbose parsed url   port: null,
80 verbose parsed url   hostname: null,
80 verbose parsed url   hash: null,
80 verbose parsed url   search: null,
80 verbose parsed url   query: null,
80 verbose parsed url   pathname: '^6.24.1',
80 verbose parsed url   path: '^6.24.1',
80 verbose parsed url   href: '^6.24.1' }
81 verbose addNamed [ 'babel-preset-stage-2', '^6.24.1' ]
82 verbose addNamed [ null, '>=6.24.1-0 <7.0.0-0' ]
83 silly lockFile 28496418-babel-preset-stage-2-6-24-1 babel-preset-stage-2@^6.24.1
84 verbose lock babel-preset-stage-2@^6.24.1 /home/dicksiano/.npm/28496418-babel-preset-stage-2-6-24-1.lock
85 verbose cache add [ 'webpack@^4.6.0', null ]
86 verbose cache add name=undefined spec="webpack@^4.6.0" args=["webpack@^4.6.0",null]
87 verbose parsed url { protocol: null,
87 verbose parsed url   slashes: null,
87 verbose parsed url   auth: null,
87 verbose parsed url   host: null,
87 verbose parsed url   port: null,
87 verbose parsed url   hostname: null,
87 verbose parsed url   hash: null,
87 verbose parsed url   search: null,
87 verbose parsed url   query: null,
87 verbose parsed url   pathname: 'webpack@^4.6.0',
87 verbose parsed url   path: 'webpack@^4.6.0',
87 verbose parsed url   href: 'webpack@^4.6.0' }
88 verbose cache add name="webpack" spec="^4.6.0" args=["webpack","^4.6.0"]
89 verbose parsed url { protocol: null,
89 verbose parsed url   slashes: null,
89 verbose parsed url   auth: null,
89 verbose parsed url   host: null,
89 verbose parsed url   port: null,
89 verbose parsed url   hostname: null,
89 verbose parsed url   hash: null,
89 verbose parsed url   search: null,
89 verbose parsed url   query: null,
89 verbose parsed url   pathname: '^4.6.0',
89 verbose parsed url   path: '^4.6.0',
89 verbose parsed url   href: '^4.6.0' }
90 verbose addNamed [ 'webpack', '^4.6.0' ]
91 verbose addNamed [ null, '>=4.6.0-0 <5.0.0-0' ]
92 silly lockFile 3fe7718d-webpack-4-6-0 webpack@^4.6.0
93 verbose lock webpack@^4.6.0 /home/dicksiano/.npm/3fe7718d-webpack-4-6-0.lock
94 verbose cache add [ 'webpack-cli@^2.1.2', null ]
95 verbose cache add name=undefined spec="webpack-cli@^2.1.2" args=["webpack-cli@^2.1.2",null]
96 verbose parsed url { protocol: null,
96 verbose parsed url   slashes: null,
96 verbose parsed url   auth: null,
96 verbose parsed url   host: null,
96 verbose parsed url   port: null,
96 verbose parsed url   hostname: null,
96 verbose parsed url   hash: null,
96 verbose parsed url   search: null,
96 verbose parsed url   query: null,
96 verbose parsed url   pathname: 'webpack-cli@^2.1.2',
96 verbose parsed url   path: 'webpack-cli@^2.1.2',
96 verbose parsed url   href: 'webpack-cli@^2.1.2' }
97 verbose cache add name="webpack-cli" spec="^2.1.2" args=["webpack-cli","^2.1.2"]
98 verbose parsed url { protocol: null,
98 verbose parsed url   slashes: null,
98 verbose parsed url   auth: null,
98 verbose parsed url   host: null,
98 verbose parsed url   port: null,
98 verbose parsed url   hostname: null,
98 verbose parsed url   hash: null,
98 verbose parsed url   search: null,
98 verbose parsed url   query: null,
98 verbose parsed url   pathname: '^2.1.2',
98 verbose parsed url   path: '^2.1.2',
98 verbose parsed url   href: '^2.1.2' }
99 verbose addNamed [ 'webpack-cli', '^2.1.2' ]
100 verbose addNamed [ null, '>=2.1.2-0 <3.0.0-0' ]
101 silly lockFile 59ab66f9-webpack-cli-2-1-2 webpack-cli@^2.1.2
102 verbose lock webpack-cli@^2.1.2 /home/dicksiano/.npm/59ab66f9-webpack-cli-2-1-2.lock
103 verbose cache add [ 'webpack-dev-server@^3.1.3', null ]
104 verbose cache add name=undefined spec="webpack-dev-server@^3.1.3" args=["webpack-dev-server@^3.1.3",null]
105 verbose parsed url { protocol: null,
105 verbose parsed url   slashes: null,
105 verbose parsed url   auth: null,
105 verbose parsed url   host: null,
105 verbose parsed url   port: null,
105 verbose parsed url   hostname: null,
105 verbose parsed url   hash: null,
105 verbose parsed url   search: null,
105 verbose parsed url   query: null,
105 verbose parsed url   pathname: 'webpack-dev-server@^3.1.3',
105 verbose parsed url   path: 'webpack-dev-server@^3.1.3',
105 verbose parsed url   href: 'webpack-dev-server@^3.1.3' }
106 verbose cache add name="webpack-dev-server" spec="^3.1.3" args=["webpack-dev-server","^3.1.3"]
107 verbose parsed url { protocol: null,
107 verbose parsed url   slashes: null,
107 verbose parsed url   auth: null,
107 verbose parsed url   host: null,
107 verbose parsed url   port: null,
107 verbose parsed url   hostname: null,
107 verbose parsed url   hash: null,
107 verbose parsed url   search: null,
107 verbose parsed url   query: null,
107 verbose parsed url   pathname: '^3.1.3',
107 verbose parsed url   path: '^3.1.3',
107 verbose parsed url   href: '^3.1.3' }
108 verbose addNamed [ 'webpack-dev-server', '^3.1.3' ]
109 verbose addNamed [ null, '>=3.1.3-0 <4.0.0-0' ]
110 silly lockFile 7e7b0cda-webpack-dev-server-3-1-3 webpack-dev-server@^3.1.3
111 verbose lock webpack-dev-server@^3.1.3 /home/dicksiano/.npm/7e7b0cda-webpack-dev-server-3-1-3.lock
112 silly addNameRange { name: 'react-dom',
112 silly addNameRange   range: '>=16.3.2-0 <17.0.0-0',
112 silly addNameRange   hasData: false }
113 verbose url raw material-ui
114 verbose url resolving [ 'https://registry.npmjs.org/', './material-ui' ]
115 verbose url resolved https://registry.npmjs.org/material-ui
116 info trying registry request attempt 1 at 15:21:02
117 http GET https://registry.npmjs.org/material-ui
118 verbose url raw react
119 verbose url resolving [ 'https://registry.npmjs.org/', './react' ]
120 verbose url resolved https://registry.npmjs.org/react
121 info trying registry request attempt 1 at 15:21:02
122 http GET https://registry.npmjs.org/react
123 silly addNameRange { name: 'babel-loader',
123 silly addNameRange   range: '>=7.1.4-0 <8.0.0-0',
123 silly addNameRange   hasData: false }
124 verbose cache add [ '@material-ui/icons@^1.0.0-beta.43', null ]
125 verbose cache add name=undefined spec="@material-ui/icons@^1.0.0-beta.43" args=["@material-ui/icons@^1.0.0-beta.43",null]
126 verbose parsed url { protocol: null,
126 verbose parsed url   slashes: null,
126 verbose parsed url   auth: null,
126 verbose parsed url   host: null,
126 verbose parsed url   port: null,
126 verbose parsed url   hostname: null,
126 verbose parsed url   hash: null,
126 verbose parsed url   search: null,
126 verbose parsed url   query: null,
126 verbose parsed url   pathname: '@material-ui/icons@^1.0.0-beta.43',
126 verbose parsed url   path: '@material-ui/icons@^1.0.0-beta.43',
126 verbose parsed url   href: '@material-ui/icons@^1.0.0-beta.43' }
127 verbose cache add name="" spec="material-ui/icons@^1.0.0-beta.43" args=["","material-ui/icons@^1.0.0-beta.43"]
128 verbose parsed url { protocol: null,
128 verbose parsed url   slashes: null,
128 verbose parsed url   auth: null,
128 verbose parsed url   host: null,
128 verbose parsed url   port: null,
128 verbose parsed url   hostname: null,
128 verbose parsed url   hash: null,
128 verbose parsed url   search: null,
128 verbose parsed url   query: null,
128 verbose parsed url   pathname: 'material-ui/icons@^1.0.0-beta.43',
128 verbose parsed url   path: 'material-ui/icons@^1.0.0-beta.43',
128 verbose parsed url   href: 'material-ui/icons@^1.0.0-beta.43' }
129 verbose cache add name="material-ui/icons" spec="^1.0.0-beta.43" args=["material-ui/icons","^1.0.0-beta.43"]
130 verbose parsed url { protocol: null,
130 verbose parsed url   slashes: null,
130 verbose parsed url   auth: null,
130 verbose parsed url   host: null,
130 verbose parsed url   port: null,
130 verbose parsed url   hostname: null,
130 verbose parsed url   hash: null,
130 verbose parsed url   search: null,
130 verbose parsed url   query: null,
130 verbose parsed url   pathname: '^1.0.0-beta.43',
130 verbose parsed url   path: '^1.0.0-beta.43',
130 verbose parsed url   href: '^1.0.0-beta.43' }
131 verbose addNamed [ 'material-ui/icons', '^1.0.0-beta.43' ]
132 verbose addNamed [ null, '>=1.0.0-beta.43 <2.0.0-0' ]
133 silly lockFile d84433ef-material-ui-icons-1-0-0-beta-43 material-ui/icons@^1.0.0-beta.43
134 verbose lock material-ui/icons@^1.0.0-beta.43 /home/dicksiano/.npm/d84433ef-material-ui-icons-1-0-0-beta-43.lock
135 verbose cache add [ 'axios@^0.18.0', null ]
136 verbose cache add name=undefined spec="axios@^0.18.0" args=["axios@^0.18.0",null]
137 verbose parsed url { protocol: null,
137 verbose parsed url   slashes: null,
137 verbose parsed url   auth: null,
137 verbose parsed url   host: null,
137 verbose parsed url   port: null,
137 verbose parsed url   hostname: null,
137 verbose parsed url   hash: null,
137 verbose parsed url   search: null,
137 verbose parsed url   query: null,
137 verbose parsed url   pathname: 'axios@^0.18.0',
137 verbose parsed url   path: 'axios@^0.18.0',
137 verbose parsed url   href: 'axios@^0.18.0' }
138 verbose cache add name="axios" spec="^0.18.0" args=["axios","^0.18.0"]
139 verbose parsed url { protocol: null,
139 verbose parsed url   slashes: null,
139 verbose parsed url   auth: null,
139 verbose parsed url   host: null,
139 verbose parsed url   port: null,
139 verbose parsed url   hostname: null,
139 verbose parsed url   hash: null,
139 verbose parsed url   search: null,
139 verbose parsed url   query: null,
139 verbose parsed url   pathname: '^0.18.0',
139 verbose parsed url   path: '^0.18.0',
139 verbose parsed url   href: '^0.18.0' }
140 verbose addNamed [ 'axios', '^0.18.0' ]
141 verbose addNamed [ null, '>=0.18.0-0 <0.19.0-0' ]
142 silly lockFile cc9fc2e7-axios-0-18-0 axios@^0.18.0
143 verbose lock axios@^0.18.0 /home/dicksiano/.npm/cc9fc2e7-axios-0-18-0.lock
144 silly addNameRange { name: 'babel-preset-env',
144 silly addNameRange   range: '>=1.6.1-0 <2.0.0-0',
144 silly addNameRange   hasData: false }
145 verbose url raw react-dom
146 verbose url resolving [ 'https://registry.npmjs.org/', './react-dom' ]
147 verbose url resolved https://registry.npmjs.org/react-dom
148 info trying registry request attempt 1 at 15:21:02
149 http GET https://registry.npmjs.org/react-dom
150 verbose url raw babel-loader
151 verbose url resolving [ 'https://registry.npmjs.org/', './babel-loader' ]
152 verbose url resolved https://registry.npmjs.org/babel-loader
153 info trying registry request attempt 1 at 15:21:02
154 http GET https://registry.npmjs.org/babel-loader
155 silly addNameRange { name: 'babel-preset-react',
155 silly addNameRange   range: '>=6.24.1-0 <7.0.0-0',
155 silly addNameRange   hasData: false }
156 silly addNameRange { name: 'babel-preset-stage-2',
156 silly addNameRange   range: '>=6.24.1-0 <7.0.0-0',
156 silly addNameRange   hasData: false }
157 silly addNameRange { name: 'webpack', range: '>=4.6.0-0 <5.0.0-0', hasData: false }
158 silly addNameRange { name: 'webpack-cli',
158 silly addNameRange   range: '>=2.1.2-0 <3.0.0-0',
158 silly addNameRange   hasData: false }
159 silly addNameRange { name: 'webpack-dev-server',
159 silly addNameRange   range: '>=3.1.3-0 <4.0.0-0',
159 silly addNameRange   hasData: false }
160 verbose url raw babel-preset-env
161 verbose url resolving [ 'https://registry.npmjs.org/', './babel-preset-env' ]
162 verbose url resolved https://registry.npmjs.org/babel-preset-env
163 info trying registry request attempt 1 at 15:21:02
164 http GET https://registry.npmjs.org/babel-preset-env
165 verbose url raw babel-preset-react
166 verbose url resolving [ 'https://registry.npmjs.org/', './babel-preset-react' ]
167 verbose url resolved https://registry.npmjs.org/babel-preset-react
168 info trying registry request attempt 1 at 15:21:02
169 http GET https://registry.npmjs.org/babel-preset-react
170 verbose url raw babel-preset-stage-2
171 verbose url resolving [ 'https://registry.npmjs.org/', './babel-preset-stage-2' ]
172 verbose url resolved https://registry.npmjs.org/babel-preset-stage-2
173 info trying registry request attempt 1 at 15:21:02
174 http GET https://registry.npmjs.org/babel-preset-stage-2
175 verbose url raw webpack
176 verbose url resolving [ 'https://registry.npmjs.org/', './webpack' ]
177 verbose url resolved https://registry.npmjs.org/webpack
178 info trying registry request attempt 1 at 15:21:02
179 http GET https://registry.npmjs.org/webpack
180 verbose url raw webpack-cli
181 verbose url resolving [ 'https://registry.npmjs.org/', './webpack-cli' ]
182 verbose url resolved https://registry.npmjs.org/webpack-cli
183 info trying registry request attempt 1 at 15:21:02
184 http GET https://registry.npmjs.org/webpack-cli
185 silly addNameRange { name: 'material-ui/icons',
185 silly addNameRange   range: '>=1.0.0-beta.43 <2.0.0-0',
185 silly addNameRange   hasData: false }
186 silly addNameRange { name: 'axios', range: '>=0.18.0-0 <0.19.0-0', hasData: false }
187 verbose url raw webpack-dev-server
188 verbose url resolving [ 'https://registry.npmjs.org/', './webpack-dev-server' ]
189 verbose url resolved https://registry.npmjs.org/webpack-dev-server
190 info trying registry request attempt 1 at 15:21:02
191 http GET https://registry.npmjs.org/webpack-dev-server
192 verbose url raw material-ui/icons
193 verbose url resolving [ 'https://registry.npmjs.org/', './material-ui/icons' ]
194 verbose url resolved https://registry.npmjs.org/material-ui/icons
195 info trying registry request attempt 1 at 15:21:02
196 http GET https://registry.npmjs.org/material-ui/icons
197 verbose url raw axios
198 verbose url resolving [ 'https://registry.npmjs.org/', './axios' ]
199 verbose url resolved https://registry.npmjs.org/axios
200 info trying registry request attempt 1 at 15:21:02
201 http GET https://registry.npmjs.org/axios
202 info retry will retry, error on last attempt: Error: CERT_UNTRUSTED
203 info retry will retry, error on last attempt: Error: CERT_UNTRUSTED
204 info retry will retry, error on last attempt: Error: CERT_UNTRUSTED
205 info retry will retry, error on last attempt: Error: CERT_UNTRUSTED
206 info retry will retry, error on last attempt: Error: CERT_UNTRUSTED
207 info retry will retry, error on last attempt: Error: CERT_UNTRUSTED
208 info retry will retry, error on last attempt: Error: CERT_UNTRUSTED
209 info retry will retry, error on last attempt: Error: CERT_UNTRUSTED
210 info retry will retry, error on last attempt: Error: CERT_UNTRUSTED
211 info retry will retry, error on last attempt: Error: CERT_UNTRUSTED
212 info retry will retry, error on last attempt: Error: CERT_UNTRUSTED
213 info retry will retry, error on last attempt: Error: CERT_UNTRUSTED
214 info trying registry request attempt 2 at 15:21:12
215 http GET https://registry.npmjs.org/material-ui
216 info trying registry request attempt 2 at 15:21:12
217 http GET https://registry.npmjs.org/react
218 info trying registry request attempt 2 at 15:21:12
219 http GET https://registry.npmjs.org/babel-preset-env
220 info trying registry request attempt 2 at 15:21:12
221 http GET https://registry.npmjs.org/react-dom
222 info trying registry request attempt 2 at 15:21:12
223 http GET https://registry.npmjs.org/babel-loader
224 info trying registry request attempt 2 at 15:21:12
225 http GET https://registry.npmjs.org/babel-preset-react
226 info retry will retry, error on last attempt: Error: CERT_UNTRUSTED
227 info trying registry request attempt 2 at 15:21:12
228 http GET https://registry.npmjs.org/babel-preset-stage-2
229 info retry will retry, error on last attempt: Error: CERT_UNTRUSTED
230 info trying registry request attempt 2 at 15:21:12
231 http GET https://registry.npmjs.org/webpack
232 info retry will retry, error on last attempt: Error: CERT_UNTRUSTED
233 info trying registry request attempt 2 at 15:21:12
234 http GET https://registry.npmjs.org/webpack-dev-server
235 info retry will retry, error on last attempt: Error: CERT_UNTRUSTED
236 info trying registry request attempt 2 at 15:21:13
237 http GET https://registry.npmjs.org/webpack-cli
238 info retry will retry, error on last attempt: Error: CERT_UNTRUSTED
239 info trying registry request attempt 2 at 15:21:13
240 http GET https://registry.npmjs.org/material-ui/icons
241 info trying registry request attempt 2 at 15:21:13
242 http GET https://registry.npmjs.org/axios
243 info retry will retry, error on last attempt: Error: CERT_UNTRUSTED
244 info retry will retry, error on last attempt: Error: CERT_UNTRUSTED
245 info retry will retry, error on last attempt: Error: CERT_UNTRUSTED
246 info retry will retry, error on last attempt: Error: CERT_UNTRUSTED
247 info retry will retry, error on last attempt: Error: CERT_UNTRUSTED
248 info retry will retry, error on last attempt: Error: CERT_UNTRUSTED
249 info retry will retry, error on last attempt: Error: CERT_UNTRUSTED
250 silly addNameRange { name: 'babel-core',
250 silly addNameRange   range: '>=6.26.3-0 <7.0.0-0',
250 silly addNameRange   hasData: false }
251 verbose url raw babel-core
252 verbose url resolving [ 'https://registry.npmjs.org/', './babel-core' ]
253 verbose url resolved https://registry.npmjs.org/babel-core
254 info trying registry request attempt 1 at 15:21:57
255 http GET https://registry.npmjs.org/babel-core
256 info retry will retry, error on last attempt: Error: CERT_UNTRUSTED
257 info trying registry request attempt 2 at 15:22:07
258 http GET https://registry.npmjs.org/babel-core
259 info retry will retry, error on last attempt: Error: CERT_UNTRUSTED
260 info trying registry request attempt 3 at 15:22:12
261 http GET https://registry.npmjs.org/material-ui
262 info trying registry request attempt 3 at 15:22:12
263 http GET https://registry.npmjs.org/react
264 info trying registry request attempt 3 at 15:22:12
265 http GET https://registry.npmjs.org/babel-preset-env
266 info trying registry request attempt 3 at 15:22:13
267 http GET https://registry.npmjs.org/react-dom
268 info trying registry request attempt 3 at 15:22:13
269 http GET https://registry.npmjs.org/babel-loader
270 info trying registry request attempt 3 at 15:22:13
271 http GET https://registry.npmjs.org/babel-preset-react
272 silly lockFile 18c08ef0-material-ui-1-0-0-beta-44 material-ui@^1.0.0-beta.44
273 silly lockFile 18c08ef0-material-ui-1-0-0-beta-44 material-ui@^1.0.0-beta.44
274 info trying registry request attempt 3 at 15:22:13
275 http GET https://registry.npmjs.org/babel-preset-stage-2
276 silly lockFile a7b6be60-react-16-3-2 react@^16.3.2
277 silly lockFile a7b6be60-react-16-3-2 react@^16.3.2
278 error Error: CERT_UNTRUSTED
278 error     at SecurePair.<anonymous> (tls.js:1370:32)
278 error     at SecurePair.EventEmitter.emit (events.js:92:17)
278 error     at SecurePair.maybeInitFinished (tls.js:982:10)
278 error     at CleartextStream.read [as _read] (tls.js:469:13)
278 error     at CleartextStream.Readable.read (_stream_readable.js:320:10)
278 error     at EncryptedStream.write [as _write] (tls.js:366:25)
278 error     at doWrite (_stream_writable.js:223:10)
278 error     at writeOrBuffer (_stream_writable.js:213:5)
278 error     at EncryptedStream.Writable.write (_stream_writable.js:180:11)
278 error     at write (_stream_readable.js:583:24)
278 error     at flow (_stream_readable.js:592:7)
278 error     at Socket.pipeOnReadable (_stream_readable.js:624:5)
279 error If you need help, you may report this log at:
279 error     <http://github.com/isaacs/npm/issues>
279 error or email it to:
279 error     <npm-@googlegroups.com>
280 error System Linux 4.4.0-116-generic
281 error command "/usr/bin/nodejs" "/usr/bin/npm" "install"
282 error cwd /home/dicksiano/ita/ita/7ºsemestre/ces29/projeto/athena-judge/frontend
283 error node -v v0.10.25
284 error npm -v 1.3.10
285 verbose exit [ 1, true ]
