0 info it worked if it ends with ok
1 verbose cli [ '/usr/bin/nodejs', '/usr/bin/npm', 'install' ]
2 info using npm@1.3.10
3 info using node@v0.10.25
4 warn package.json backend@1.0.0 No description
5 warn package.json backend@1.0.0 No repository field.
6 warn package.json backend@1.0.0 No README data
7 verbose readDependencies using package.json deps
8 verbose install where, deps [ '/home/dicksiano/ita/ita/7ºsemestre/ces29/projeto/athena-judge/backend',
8 verbose install   [ 'cors',
8 verbose install     'express',
8 verbose install     'pg',
8 verbose install     'sequelize',
8 verbose install     'babel-cli',
8 verbose install     'babel-core',
8 verbose install     'babel-plugin-transform-es2015-modules-commonjs',
8 verbose install     'nodemon' ] ]
9 info preinstall backend@1.0.0
10 verbose readDependencies using package.json deps
11 verbose cache add [ 'cors@^2.8.4', null ]
12 verbose cache add name=undefined spec="cors@^2.8.4" args=["cors@^2.8.4",null]
13 verbose parsed url { protocol: null,
13 verbose parsed url   slashes: null,
13 verbose parsed url   auth: null,
13 verbose parsed url   host: null,
13 verbose parsed url   port: null,
13 verbose parsed url   hostname: null,
13 verbose parsed url   hash: null,
13 verbose parsed url   search: null,
13 verbose parsed url   query: null,
13 verbose parsed url   pathname: 'cors@^2.8.4',
13 verbose parsed url   path: 'cors@^2.8.4',
13 verbose parsed url   href: 'cors@^2.8.4' }
14 verbose cache add name="cors" spec="^2.8.4" args=["cors","^2.8.4"]
15 verbose parsed url { protocol: null,
15 verbose parsed url   slashes: null,
15 verbose parsed url   auth: null,
15 verbose parsed url   host: null,
15 verbose parsed url   port: null,
15 verbose parsed url   hostname: null,
15 verbose parsed url   hash: null,
15 verbose parsed url   search: null,
15 verbose parsed url   query: null,
15 verbose parsed url   pathname: '^2.8.4',
15 verbose parsed url   path: '^2.8.4',
15 verbose parsed url   href: '^2.8.4' }
16 verbose addNamed [ 'cors', '^2.8.4' ]
17 verbose addNamed [ null, '>=2.8.4-0 <3.0.0-0' ]
18 verbose cache add [ 'express@^4.16.3', null ]
19 verbose cache add name=undefined spec="express@^4.16.3" args=["express@^4.16.3",null]
20 verbose parsed url { protocol: null,
20 verbose parsed url   slashes: null,
20 verbose parsed url   auth: null,
20 verbose parsed url   host: null,
20 verbose parsed url   port: null,
20 verbose parsed url   hostname: null,
20 verbose parsed url   hash: null,
20 verbose parsed url   search: null,
20 verbose parsed url   query: null,
20 verbose parsed url   pathname: 'express@^4.16.3',
20 verbose parsed url   path: 'express@^4.16.3',
20 verbose parsed url   href: 'express@^4.16.3' }
21 verbose cache add name="express" spec="^4.16.3" args=["express","^4.16.3"]
22 verbose parsed url { protocol: null,
22 verbose parsed url   slashes: null,
22 verbose parsed url   auth: null,
22 verbose parsed url   host: null,
22 verbose parsed url   port: null,
22 verbose parsed url   hostname: null,
22 verbose parsed url   hash: null,
22 verbose parsed url   search: null,
22 verbose parsed url   query: null,
22 verbose parsed url   pathname: '^4.16.3',
22 verbose parsed url   path: '^4.16.3',
22 verbose parsed url   href: '^4.16.3' }
23 verbose addNamed [ 'express', '^4.16.3' ]
24 verbose addNamed [ null, '>=4.16.3-0 <5.0.0-0' ]
25 silly lockFile ea71c8b0-cors-2-8-4 cors@^2.8.4
26 verbose lock cors@^2.8.4 /home/dicksiano/.npm/ea71c8b0-cors-2-8-4.lock
27 verbose cache add [ 'sequelize@^4.37.6', null ]
28 verbose cache add name=undefined spec="sequelize@^4.37.6" args=["sequelize@^4.37.6",null]
29 verbose parsed url { protocol: null,
29 verbose parsed url   slashes: null,
29 verbose parsed url   auth: null,
29 verbose parsed url   host: null,
29 verbose parsed url   port: null,
29 verbose parsed url   hostname: null,
29 verbose parsed url   hash: null,
29 verbose parsed url   search: null,
29 verbose parsed url   query: null,
29 verbose parsed url   pathname: 'sequelize@^4.37.6',
29 verbose parsed url   path: 'sequelize@^4.37.6',
29 verbose parsed url   href: 'sequelize@^4.37.6' }
30 verbose cache add name="sequelize" spec="^4.37.6" args=["sequelize","^4.37.6"]
31 verbose parsed url { protocol: null,
31 verbose parsed url   slashes: null,
31 verbose parsed url   auth: null,
31 verbose parsed url   host: null,
31 verbose parsed url   port: null,
31 verbose parsed url   hostname: null,
31 verbose parsed url   hash: null,
31 verbose parsed url   search: null,
31 verbose parsed url   query: null,
31 verbose parsed url   pathname: '^4.37.6',
31 verbose parsed url   path: '^4.37.6',
31 verbose parsed url   href: '^4.37.6' }
32 verbose addNamed [ 'sequelize', '^4.37.6' ]
33 verbose addNamed [ null, '>=4.37.6-0 <5.0.0-0' ]
34 silly lockFile db08ffe1-sequelize-4-37-6 sequelize@^4.37.6
35 verbose lock sequelize@^4.37.6 /home/dicksiano/.npm/db08ffe1-sequelize-4-37-6.lock
36 verbose cache add [ 'pg@^7.4.1', null ]
37 verbose cache add name=undefined spec="pg@^7.4.1" args=["pg@^7.4.1",null]
38 verbose parsed url { protocol: null,
38 verbose parsed url   slashes: null,
38 verbose parsed url   auth: null,
38 verbose parsed url   host: null,
38 verbose parsed url   port: null,
38 verbose parsed url   hostname: null,
38 verbose parsed url   hash: null,
38 verbose parsed url   search: null,
38 verbose parsed url   query: null,
38 verbose parsed url   pathname: 'pg@^7.4.1',
38 verbose parsed url   path: 'pg@^7.4.1',
38 verbose parsed url   href: 'pg@^7.4.1' }
39 verbose cache add name="pg" spec="^7.4.1" args=["pg","^7.4.1"]
40 verbose parsed url { protocol: null,
40 verbose parsed url   slashes: null,
40 verbose parsed url   auth: null,
40 verbose parsed url   host: null,
40 verbose parsed url   port: null,
40 verbose parsed url   hostname: null,
40 verbose parsed url   hash: null,
40 verbose parsed url   search: null,
40 verbose parsed url   query: null,
40 verbose parsed url   pathname: '^7.4.1',
40 verbose parsed url   path: '^7.4.1',
40 verbose parsed url   href: '^7.4.1' }
41 verbose addNamed [ 'pg', '^7.4.1' ]
42 verbose addNamed [ null, '>=7.4.1-0 <8.0.0-0' ]
43 silly lockFile 61dc8c08-pg-7-4-1 pg@^7.4.1
44 verbose lock pg@^7.4.1 /home/dicksiano/.npm/61dc8c08-pg-7-4-1.lock
45 verbose cache add [ 'babel-cli@^6.26.0', null ]
46 verbose cache add name=undefined spec="babel-cli@^6.26.0" args=["babel-cli@^6.26.0",null]
47 verbose parsed url { protocol: null,
47 verbose parsed url   slashes: null,
47 verbose parsed url   auth: null,
47 verbose parsed url   host: null,
47 verbose parsed url   port: null,
47 verbose parsed url   hostname: null,
47 verbose parsed url   hash: null,
47 verbose parsed url   search: null,
47 verbose parsed url   query: null,
47 verbose parsed url   pathname: 'babel-cli@^6.26.0',
47 verbose parsed url   path: 'babel-cli@^6.26.0',
47 verbose parsed url   href: 'babel-cli@^6.26.0' }
48 verbose cache add name="babel-cli" spec="^6.26.0" args=["babel-cli","^6.26.0"]
49 verbose parsed url { protocol: null,
49 verbose parsed url   slashes: null,
49 verbose parsed url   auth: null,
49 verbose parsed url   host: null,
49 verbose parsed url   port: null,
49 verbose parsed url   hostname: null,
49 verbose parsed url   hash: null,
49 verbose parsed url   search: null,
49 verbose parsed url   query: null,
49 verbose parsed url   pathname: '^6.26.0',
49 verbose parsed url   path: '^6.26.0',
49 verbose parsed url   href: '^6.26.0' }
50 verbose addNamed [ 'babel-cli', '^6.26.0' ]
51 verbose addNamed [ null, '>=6.26.0-0 <7.0.0-0' ]
52 silly lockFile ee60de24-babel-cli-6-26-0 babel-cli@^6.26.0
53 verbose lock babel-cli@^6.26.0 /home/dicksiano/.npm/ee60de24-babel-cli-6-26-0.lock
54 verbose cache add [ 'babel-core@^6.26.3', null ]
55 verbose cache add name=undefined spec="babel-core@^6.26.3" args=["babel-core@^6.26.3",null]
56 verbose parsed url { protocol: null,
56 verbose parsed url   slashes: null,
56 verbose parsed url   auth: null,
56 verbose parsed url   host: null,
56 verbose parsed url   port: null,
56 verbose parsed url   hostname: null,
56 verbose parsed url   hash: null,
56 verbose parsed url   search: null,
56 verbose parsed url   query: null,
56 verbose parsed url   pathname: 'babel-core@^6.26.3',
56 verbose parsed url   path: 'babel-core@^6.26.3',
56 verbose parsed url   href: 'babel-core@^6.26.3' }
57 verbose cache add name="babel-core" spec="^6.26.3" args=["babel-core","^6.26.3"]
58 verbose parsed url { protocol: null,
58 verbose parsed url   slashes: null,
58 verbose parsed url   auth: null,
58 verbose parsed url   host: null,
58 verbose parsed url   port: null,
58 verbose parsed url   hostname: null,
58 verbose parsed url   hash: null,
58 verbose parsed url   search: null,
58 verbose parsed url   query: null,
58 verbose parsed url   pathname: '^6.26.3',
58 verbose parsed url   path: '^6.26.3',
58 verbose parsed url   href: '^6.26.3' }
59 verbose addNamed [ 'babel-core', '^6.26.3' ]
60 verbose addNamed [ null, '>=6.26.3-0 <7.0.0-0' ]
61 silly lockFile cafe9ef0-babel-core-6-26-3 babel-core@^6.26.3
62 verbose lock babel-core@^6.26.3 /home/dicksiano/.npm/cafe9ef0-babel-core-6-26-3.lock
63 silly lockFile d9b3c286-express-4-16-3 express@^4.16.3
64 verbose lock express@^4.16.3 /home/dicksiano/.npm/d9b3c286-express-4-16-3.lock
65 verbose cache add [ 'babel-plugin-transform-es2015-modules-commonjs@^6.26.2',
65 verbose cache add   null ]
66 verbose cache add name=undefined spec="babel-plugin-transform-es2015-modules-commonjs@^6.26.2" args=["babel-plugin-transform-es2015-modules-commonjs@^6.26.2",null]
67 verbose parsed url { protocol: null,
67 verbose parsed url   slashes: null,
67 verbose parsed url   auth: null,
67 verbose parsed url   host: null,
67 verbose parsed url   port: null,
67 verbose parsed url   hostname: null,
67 verbose parsed url   hash: null,
67 verbose parsed url   search: null,
67 verbose parsed url   query: null,
67 verbose parsed url   pathname: 'babel-plugin-transform-es2015-modules-commonjs@^6.26.2',
67 verbose parsed url   path: 'babel-plugin-transform-es2015-modules-commonjs@^6.26.2',
67 verbose parsed url   href: 'babel-plugin-transform-es2015-modules-commonjs@^6.26.2' }
68 verbose cache add name="babel-plugin-transform-es2015-modules-commonjs" spec="^6.26.2" args=["babel-plugin-transform-es2015-modules-commonjs","^6.26.2"]
69 verbose parsed url { protocol: null,
69 verbose parsed url   slashes: null,
69 verbose parsed url   auth: null,
69 verbose parsed url   host: null,
69 verbose parsed url   port: null,
69 verbose parsed url   hostname: null,
69 verbose parsed url   hash: null,
69 verbose parsed url   search: null,
69 verbose parsed url   query: null,
69 verbose parsed url   pathname: '^6.26.2',
69 verbose parsed url   path: '^6.26.2',
69 verbose parsed url   href: '^6.26.2' }
70 verbose addNamed [ 'babel-plugin-transform-es2015-modules-commonjs', '^6.26.2' ]
71 verbose addNamed [ null, '>=6.26.2-0 <7.0.0-0' ]
72 silly lockFile 7c465eb8-m-es2015-modules-commonjs-6-26-2 babel-plugin-transform-es2015-modules-commonjs@^6.26.2
73 verbose lock babel-plugin-transform-es2015-modules-commonjs@^6.26.2 /home/dicksiano/.npm/7c465eb8-m-es2015-modules-commonjs-6-26-2.lock
74 verbose cache add [ 'nodemon@^1.17.3', null ]
75 verbose cache add name=undefined spec="nodemon@^1.17.3" args=["nodemon@^1.17.3",null]
76 verbose parsed url { protocol: null,
76 verbose parsed url   slashes: null,
76 verbose parsed url   auth: null,
76 verbose parsed url   host: null,
76 verbose parsed url   port: null,
76 verbose parsed url   hostname: null,
76 verbose parsed url   hash: null,
76 verbose parsed url   search: null,
76 verbose parsed url   query: null,
76 verbose parsed url   pathname: 'nodemon@^1.17.3',
76 verbose parsed url   path: 'nodemon@^1.17.3',
76 verbose parsed url   href: 'nodemon@^1.17.3' }
77 verbose cache add name="nodemon" spec="^1.17.3" args=["nodemon","^1.17.3"]
78 verbose parsed url { protocol: null,
78 verbose parsed url   slashes: null,
78 verbose parsed url   auth: null,
78 verbose parsed url   host: null,
78 verbose parsed url   port: null,
78 verbose parsed url   hostname: null,
78 verbose parsed url   hash: null,
78 verbose parsed url   search: null,
78 verbose parsed url   query: null,
78 verbose parsed url   pathname: '^1.17.3',
78 verbose parsed url   path: '^1.17.3',
78 verbose parsed url   href: '^1.17.3' }
79 verbose addNamed [ 'nodemon', '^1.17.3' ]
80 verbose addNamed [ null, '>=1.17.3-0 <2.0.0-0' ]
81 silly lockFile ae821afc-nodemon-1-17-3 nodemon@^1.17.3
82 verbose lock nodemon@^1.17.3 /home/dicksiano/.npm/ae821afc-nodemon-1-17-3.lock
83 silly addNameRange { name: 'cors', range: '>=2.8.4-0 <3.0.0-0', hasData: false }
84 silly addNameRange { name: 'sequelize',
84 silly addNameRange   range: '>=4.37.6-0 <5.0.0-0',
84 silly addNameRange   hasData: false }
85 silly addNameRange { name: 'babel-cli',
85 silly addNameRange   range: '>=6.26.0-0 <7.0.0-0',
85 silly addNameRange   hasData: false }
86 silly addNameRange { name: 'pg', range: '>=7.4.1-0 <8.0.0-0', hasData: false }
87 silly addNameRange { name: 'babel-core',
87 silly addNameRange   range: '>=6.26.3-0 <7.0.0-0',
87 silly addNameRange   hasData: false }
88 silly addNameRange { name: 'express', range: '>=4.16.3-0 <5.0.0-0', hasData: false }
89 verbose url raw cors
90 verbose url resolving [ 'https://registry.npmjs.org/', './cors' ]
91 verbose url resolved https://registry.npmjs.org/cors
92 info trying registry request attempt 1 at 15:20:57
93 http GET https://registry.npmjs.org/cors
94 verbose url raw sequelize
95 verbose url resolving [ 'https://registry.npmjs.org/', './sequelize' ]
96 verbose url resolved https://registry.npmjs.org/sequelize
97 info trying registry request attempt 1 at 15:20:57
98 http GET https://registry.npmjs.org/sequelize
99 verbose url raw babel-cli
100 verbose url resolving [ 'https://registry.npmjs.org/', './babel-cli' ]
101 verbose url resolved https://registry.npmjs.org/babel-cli
102 info trying registry request attempt 1 at 15:20:57
103 http GET https://registry.npmjs.org/babel-cli
104 verbose url raw pg
105 verbose url resolving [ 'https://registry.npmjs.org/', './pg' ]
106 verbose url resolved https://registry.npmjs.org/pg
107 info trying registry request attempt 1 at 15:20:57
108 http GET https://registry.npmjs.org/pg
109 silly addNameRange { name: 'babel-plugin-transform-es2015-modules-commonjs',
109 silly addNameRange   range: '>=6.26.2-0 <7.0.0-0',
109 silly addNameRange   hasData: false }
110 silly addNameRange { name: 'nodemon', range: '>=1.17.3-0 <2.0.0-0', hasData: false }
111 verbose url raw babel-core
112 verbose url resolving [ 'https://registry.npmjs.org/', './babel-core' ]
113 verbose url resolved https://registry.npmjs.org/babel-core
114 info trying registry request attempt 1 at 15:20:57
115 http GET https://registry.npmjs.org/babel-core
116 verbose url raw express
117 verbose url resolving [ 'https://registry.npmjs.org/', './express' ]
118 verbose url resolved https://registry.npmjs.org/express
119 info trying registry request attempt 1 at 15:20:57
120 http GET https://registry.npmjs.org/express
121 verbose url raw babel-plugin-transform-es2015-modules-commonjs
122 verbose url resolving [ 'https://registry.npmjs.org/',
122 verbose url resolving   './babel-plugin-transform-es2015-modules-commonjs' ]
123 verbose url resolved https://registry.npmjs.org/babel-plugin-transform-es2015-modules-commonjs
124 info trying registry request attempt 1 at 15:20:57
125 http GET https://registry.npmjs.org/babel-plugin-transform-es2015-modules-commonjs
126 verbose url raw nodemon
127 verbose url resolving [ 'https://registry.npmjs.org/', './nodemon' ]
128 verbose url resolved https://registry.npmjs.org/nodemon
129 info trying registry request attempt 1 at 15:20:57
130 http GET https://registry.npmjs.org/nodemon
131 info retry will retry, error on last attempt: Error: CERT_UNTRUSTED
132 info retry will retry, error on last attempt: Error: CERT_UNTRUSTED
133 info retry will retry, error on last attempt: Error: CERT_UNTRUSTED
134 info retry will retry, error on last attempt: Error: CERT_UNTRUSTED
135 info retry will retry, error on last attempt: Error: CERT_UNTRUSTED
136 info retry will retry, error on last attempt: Error: CERT_UNTRUSTED
137 info retry will retry, error on last attempt: Error: CERT_UNTRUSTED
138 info retry will retry, error on last attempt: Error: CERT_UNTRUSTED
139 info trying registry request attempt 2 at 15:21:07
140 http GET https://registry.npmjs.org/sequelize
141 info trying registry request attempt 2 at 15:21:07
142 http GET https://registry.npmjs.org/babel-cli
143 info trying registry request attempt 2 at 15:21:07
144 http GET https://registry.npmjs.org/cors
145 info trying registry request attempt 2 at 15:21:07
146 http GET https://registry.npmjs.org/pg
147 info trying registry request attempt 2 at 15:21:07
148 http GET https://registry.npmjs.org/babel-core
149 info trying registry request attempt 2 at 15:21:07
150 http GET https://registry.npmjs.org/express
151 info trying registry request attempt 2 at 15:21:07
152 http GET https://registry.npmjs.org/babel-plugin-transform-es2015-modules-commonjs
153 info trying registry request attempt 2 at 15:21:07
154 http GET https://registry.npmjs.org/nodemon
155 info retry will retry, error on last attempt: Error: CERT_UNTRUSTED
156 info retry will retry, error on last attempt: Error: CERT_UNTRUSTED
157 info retry will retry, error on last attempt: Error: CERT_UNTRUSTED
158 info retry will retry, error on last attempt: Error: CERT_UNTRUSTED
159 info retry will retry, error on last attempt: Error: CERT_UNTRUSTED
160 info retry will retry, error on last attempt: Error: CERT_UNTRUSTED
161 info retry will retry, error on last attempt: Error: CERT_UNTRUSTED
162 info retry will retry, error on last attempt: Error: CERT_UNTRUSTED
163 info trying registry request attempt 3 at 15:22:07
164 http GET https://registry.npmjs.org/babel-cli
165 info trying registry request attempt 3 at 15:22:07
166 http GET https://registry.npmjs.org/sequelize
167 info trying registry request attempt 3 at 15:22:07
168 http GET https://registry.npmjs.org/cors
169 info trying registry request attempt 3 at 15:22:07
170 http GET https://registry.npmjs.org/pg
171 info trying registry request attempt 3 at 15:22:07
172 http GET https://registry.npmjs.org/babel-core
173 info trying registry request attempt 3 at 15:22:07
174 http GET https://registry.npmjs.org/babel-plugin-transform-es2015-modules-commonjs
175 info trying registry request attempt 3 at 15:22:07
176 http GET https://registry.npmjs.org/nodemon
177 info trying registry request attempt 3 at 15:22:07
178 http GET https://registry.npmjs.org/express
179 silly lockFile ee60de24-babel-cli-6-26-0 babel-cli@^6.26.0
180 silly lockFile ee60de24-babel-cli-6-26-0 babel-cli@^6.26.0
181 error Error: CERT_UNTRUSTED
181 error     at SecurePair.<anonymous> (tls.js:1370:32)
181 error     at SecurePair.EventEmitter.emit (events.js:92:17)
181 error     at SecurePair.maybeInitFinished (tls.js:982:10)
181 error     at CleartextStream.read [as _read] (tls.js:469:13)
181 error     at CleartextStream.Readable.read (_stream_readable.js:320:10)
181 error     at EncryptedStream.write [as _write] (tls.js:366:25)
181 error     at doWrite (_stream_writable.js:223:10)
181 error     at writeOrBuffer (_stream_writable.js:213:5)
181 error     at EncryptedStream.Writable.write (_stream_writable.js:180:11)
181 error     at write (_stream_readable.js:583:24)
181 error     at flow (_stream_readable.js:592:7)
182 error If you need help, you may report this log at:
182 error     <http://github.com/isaacs/npm/issues>
182 error or email it to:
182 error     <npm-@googlegroups.com>
183 error System Linux 4.4.0-116-generic
184 error command "/usr/bin/nodejs" "/usr/bin/npm" "install"
185 error cwd /home/dicksiano/ita/ita/7ºsemestre/ces29/projeto/athena-judge/backend
186 error node -v v0.10.25
187 error npm -v 1.3.10
188 verbose exit [ 1, true ]
